<?xml version="1.0" encoding="UTF-8"?>
<testng-results skipped="0" failed="0" ignored="0" total="1" passed="1">
  <reporter-output>
  </reporter-output>
  <suite name="Suite" duration-ms="27839" started-at="2022-01-22T23:09:33 IST" finished-at="2022-01-22T23:10:01 IST">
    <groups>
      <group name="cucumber">
        <method signature="AbstractTestNGCucumberTests.runScenario(io.cucumber.testng.PickleWrapper,io.cucumber.testng.FeatureWrapper)[pri:0, instance:runner.Testrunner@2de8284b]" name="runScenario" class="io.cucumber.testng.AbstractTestNGCucumberTests"/>
      </group> <!-- cucumber -->
    </groups>
    <test name="Google Maps" duration-ms="27839" started-at="2022-01-22T23:09:33 IST" finished-at="2022-01-22T23:10:01 IST">
      <class name="runner.Testrunner">
        <test-method status="PASS" signature="setUpClass()[pri:0, instance:runner.Testrunner@2de8284b]" name="setUpClass" is-config="true" duration-ms="573" started-at="2022-01-22T23:09:33 IST" finished-at="2022-01-22T23:09:33 IST">
          <reporter-output>
          </reporter-output>
        </test-method> <!-- setUpClass -->
        <test-method status="PASS" signature="runScenario(io.cucumber.testng.PickleWrapper,io.cucumber.testng.FeatureWrapper)[pri:0, instance:runner.Testrunner@2de8284b]" name="runScenario" duration-ms="27169" started-at="2022-01-22T23:09:34 IST" description="Runs Cucumber Scenarios" data-provider="scenarios" finished-at="2022-01-22T23:10:01 IST">
          <params>
            <param index="0">
              <value>
                <![CDATA["Validate Google maps route"]]>
              </value>
            </param>
            <param index="1">
              <value>
                <![CDATA["Optional[Google Maps]"]]>
              </value>
            </param>
          </params>
          <reporter-output>
          </reporter-output>
        </test-method> <!-- runScenario -->
        <test-method status="PASS" signature="tearDownClass()[pri:0, instance:runner.Testrunner@2de8284b]" name="tearDownClass" is-config="true" duration-ms="27" started-at="2022-01-22T23:10:01 IST" finished-at="2022-01-22T23:10:01 IST">
          <reporter-output>
          </reporter-output>
        </test-method> <!-- tearDownClass -->
      </class> <!-- runner.Testrunner -->
    </test> <!-- Google Maps -->
  </suite> <!-- Suite -->
</testng-results>
